# JRE version: OpenJDK Runtime Environment (21.0.7) (build 21.0.7+-13880790-b1038.58)
# Java VM: OpenJDK 64-Bit Server VM (21.0.7+-13880790-b1038.58, mixed mode, tiered, compressed oops, compressed class ptrs, g1 gc, windows-amd64)
GC Precious Log:
 CardTable entry size: 512
 Card Set container configuration: InlinePtr #cards 4 size 8 Array Of Cards #cards 32 size 80 Howl #buckets 8 coarsen threshold 7372 Howl Bitmap #cards 1024 size 144 coarsen threshold 921 Card regions per heap region 1 cards per card region 8192
 CPUs: 4 total, 4 available
 Memory: 7991M
 Large Page Support: Disabled
 NUMA Support: Disabled
 Compressed Oops: Enabled (Zero based)
 Heap Region Size: 4M
 Heap Min Capacity: 8M
 Heap Initial Capacity: 128M
 Heap Max Capacity: 8G
 Pre-touch: Disabled
 Parallel Workers: 4
 Concurrent Workers: 1
 Concurrent Refinement Workers: 4
 Periodic GC: Disabled
Heap:
 garbage-first heap   total 159744K, used 107839K [0x0000000600000000, 0x0000000800000000)
  region size 4096K, 12 young (49152K), 3 survivors (12288K)
 Metaspace       used 97518K, committed 99520K, reserved 1179648K
  class space    used 13681K, committed 14656K, reserved 1048576K
GC Heap History (20 events):
Event: 25.104 GC heap before
{Heap before GC invocations=31 (full 0):
 garbage-first heap   total 118784K, used 89497K [0x0000000600000000, 0x0000000800000000)
  region size 4096K, 8 young (32768K), 2 survivors (8192K)
 Metaspace       used 83343K, committed 85248K, reserved 1179648K
  class space    used 11826K, committed 12736K, reserved 1048576K
}
Event: 25.110 GC heap after
{Heap after GC invocations=32 (full 0):
 garbage-first heap   total 118784K, used 65408K [0x0000000600000000, 0x0000000800000000)
  region size 4096K, 1 young (4096K), 1 survivors (4096K)
 Metaspace       used 83343K, committed 85248K, reserved 1179648K
  class space    used 11826K, committed 12736K, reserved 1048576K
}
Event: 25.353 GC heap before
{Heap before GC invocations=32 (full 0):
 garbage-first heap   total 118784K, used 98176K [0x0000000600000000, 0x0000000800000000)
  region size 4096K, 10 young (40960K), 1 survivors (4096K)
 Metaspace       used 83357K, committed 85248K, reserved 1179648K
  class space    used 11826K, committed 12736K, reserved 1048576K
}
Event: 25.355 GC heap after
{Heap after GC invocations=33 (full 0):
 garbage-first heap   total 118784K, used 65685K [0x0000000600000000, 0x0000000800000000)
  region size 4096K, 1 young (4096K), 1 survivors (4096K)
 Metaspace       used 83357K, committed 85248K, reserved 1179648K
  class space    used 11826K, committed 12736K, reserved 1048576K
}
Event: 25.764 GC heap before
{Heap before GC invocations=34 (full 0):
 garbage-first heap   total 118784K, used 102549K [0x0000000600000000, 0x0000000800000000)
  region size 4096K, 10 young (40960K), 1 survivors (4096K)
 Metaspace       used 83357K, committed 85248K, reserved 1179648K
  class space    used 11826K, committed 12736K, reserved 1048576K
}
Event: 25.766 GC heap after
{Heap after GC invocations=35 (full 0):
 garbage-first heap   total 118784K, used 66249K [0x0000000600000000, 0x0000000800000000)
  region size 4096K, 1 young (4096K), 1 survivors (4096K)
 Metaspace       used 83357K, committed 85248K, reserved 1179648K
  class space    used 11826K, committed 12736K, reserved 1048576K
}
Event: 25.967 GC heap before
{Heap before GC invocations=35 (full 0):
 garbage-first heap   total 118784K, used 103113K [0x0000000600000000, 0x0000000800000000)
  region size 4096K, 10 young (40960K), 1 survivors (4096K)
 Metaspace       used 83357K, committed 85248K, reserved 1179648K
  class space    used 11826K, committed 12736K, reserved 1048576K
}
Event: 25.969 GC heap after
{Heap after GC invocations=36 (full 0):
 garbage-first heap   total 118784K, used 66518K [0x0000000600000000, 0x0000000800000000)
  region size 4096K, 1 young (4096K), 1 survivors (4096K)
 Metaspace       used 83357K, committed 85248K, reserved 1179648K
  class space    used 11826K, committed 12736K, reserved 1048576K
}
Event: 26.187 GC heap before
{Heap before GC invocations=37 (full 0):
 garbage-first heap   total 118784K, used 103382K [0x0000000600000000, 0x0000000800000000)
  region size 4096K, 10 young (40960K), 1 survivors (4096K)
 Metaspace       used 83357K, committed 85248K, reserved 1179648K
  class space    used 11826K, committed 12736K, reserved 1048576K
}
Event: 26.189 GC heap after
{Heap after GC invocations=38 (full 0):
 garbage-first heap   total 118784K, used 66940K [0x0000000600000000, 0x0000000800000000)
  region size 4096K, 1 young (4096K), 1 survivors (4096K)
 Metaspace       used 83357K, committed 85248K, reserved 1179648K
  class space    used 11826K, committed 12736K, reserved 1048576K
}
Event: 26.354 GC heap before
{Heap before GC invocations=38 (full 0):
 garbage-first heap   total 118784K, used 103804K [0x0000000600000000, 0x0000000800000000)
  region size 4096K, 10 young (40960K), 1 survivors (4096K)
 Metaspace       used 83357K, committed 85248K, reserved 1179648K
  class space    used 11826K, committed 12736K, reserved 1048576K
}
Event: 26.356 GC heap after
{Heap after GC invocations=39 (full 0):
 garbage-first heap   total 159744K, used 67592K [0x0000000600000000, 0x0000000800000000)
  region size 4096K, 1 young (4096K), 1 survivors (4096K)
 Metaspace       used 83357K, committed 85248K, reserved 1179648K
  class space    used 11826K, committed 12736K, reserved 1048576K
}
Event: 26.825 GC heap before
{Heap before GC invocations=40 (full 0):
 garbage-first heap   total 159744K, used 141320K [0x0000000600000000, 0x0000000800000000)
  region size 4096K, 19 young (77824K), 1 survivors (4096K)
 Metaspace       used 83357K, committed 85248K, reserved 1179648K
  class space    used 11826K, committed 12736K, reserved 1048576K
}
Event: 26.828 GC heap after
{Heap after GC invocations=41 (full 0):
 garbage-first heap   total 159744K, used 68187K [0x0000000600000000, 0x0000000800000000)
  region size 4096K, 1 young (4096K), 1 survivors (4096K)
 Metaspace       used 83357K, committed 85248K, reserved 1179648K
  class space    used 11826K, committed 12736K, reserved 1048576K
}
Event: 27.235 GC heap before
{Heap before GC invocations=41 (full 0):
 garbage-first heap   total 159744K, used 141915K [0x0000000600000000, 0x0000000800000000)
  region size 4096K, 19 young (77824K), 1 survivors (4096K)
 Metaspace       used 83357K, committed 85248K, reserved 1179648K
  class space    used 11826K, committed 12736K, reserved 1048576K
}
Event: 27.238 GC heap after
{Heap after GC invocations=42 (full 0):
 garbage-first heap   total 159744K, used 69044K [0x0000000600000000, 0x0000000800000000)
  region size 4096K, 2 young (8192K), 2 survivors (8192K)
 Metaspace       used 83357K, committed 85248K, reserved 1179648K
  class space    used 11826K, committed 12736K, reserved 1048576K
}
Event: 27.606 GC heap before
{Heap before GC invocations=42 (full 0):
 garbage-first heap   total 159744K, used 134580K [0x0000000600000000, 0x0000000800000000)
  region size 4096K, 18 young (73728K), 2 survivors (8192K)
 Metaspace       used 83359K, committed 85248K, reserved 1179648K
  class space    used 11826K, committed 12736K, reserved 1048576K
}
Event: 27.609 GC heap after
{Heap after GC invocations=43 (full 0):
 garbage-first heap   total 159744K, used 69162K [0x0000000600000000, 0x0000000800000000)
  region size 4096K, 2 young (8192K), 2 survivors (8192K)
 Metaspace       used 83359K, committed 85248K, reserved 1179648K
  class space    used 11826K, committed 12736K, reserved 1048576K
}
Event: 40.180 GC heap before
{Heap before GC invocations=43 (full 0):
 garbage-first heap   total 159744K, used 130602K [0x0000000600000000, 0x0000000800000000)
  region size 4096K, 18 young (73728K), 2 survivors (8192K)
 Metaspace       used 93740K, committed 95616K, reserved 1179648K
  class space    used 13146K, committed 14080K, reserved 1048576K
}
Event: 40.187 GC heap after
{Heap after GC invocations=44 (full 0):
 garbage-first heap   total 159744K, used 75071K [0x0000000600000000, 0x0000000800000000)
  region size 4096K, 3 young (12288K), 3 survivors (12288K)
 Metaspace       used 93740K, committed 95616K, reserved 1179648K
  class space    used 13146K, committed 14080K, reserved 1048576K
}

