# JRE version: OpenJDK Runtime Environment (21.0.7) (build 21.0.7+-13880790-b1038.58)
# Java VM: OpenJDK 64-Bit Server VM (21.0.7+-13880790-b1038.58, mixed mode, tiered, compressed oops, compressed class ptrs, g1 gc, windows-amd64)
GC Precious Log:
 CardTable entry size: 512
 Card Set container configuration: InlinePtr #cards 4 size 8 Array Of Cards #cards 32 size 80 Howl #buckets 8 coarsen threshold 7372 Howl Bitmap #cards 1024 size 144 coarsen threshold 921 Card regions per heap region 1 cards per card region 8192
 CPUs: 4 total, 4 available
 Memory: 7991M
 Large Page Support: Disabled
 NUMA Support: Disabled
 Compressed Oops: Enabled (Zero based)
 Heap Region Size: 4M
 Heap Min Capacity: 8M
 Heap Initial Capacity: 128M
 Heap Max Capacity: 8G
 Pre-touch: Disabled
 Parallel Workers: 4
 Concurrent Workers: 1
 Concurrent Refinement Workers: 4
 Periodic GC: Disabled
Heap:
 garbage-first heap   total 675840K, used 217484K [0x0000000600000000, 0x0000000800000000)
  region size 4096K, 8 young (32768K), 8 survivors (32768K)
 Metaspace       used 171178K, committed 173568K, reserved 1245184K
  class space    used 21683K, committed 22848K, reserved 1048576K
GC Heap History (20 events):
Event: 105.154 GC heap after
{Heap after GC invocations=106 (full 0):
 garbage-first heap   total 561152K, used 145216K [0x0000000600000000, 0x0000000800000000)
  region size 4096K, 4 young (16384K), 4 survivors (16384K)
 Metaspace       used 158253K, committed 160576K, reserved 1245184K
  class space    used 20327K, committed 21504K, reserved 1048576K
}
Event: 105.923 GC heap before
{Heap before GC invocations=106 (full 0):
 garbage-first heap   total 561152K, used 464704K [0x0000000600000000, 0x0000000800000000)
  region size 4096K, 82 young (335872K), 4 survivors (16384K)
 Metaspace       used 158254K, committed 160576K, reserved 1245184K
  class space    used 20327K, committed 21504K, reserved 1048576K
}
Event: 105.930 GC heap after
{Heap after GC invocations=107 (full 0):
 garbage-first heap   total 561152K, used 144071K [0x0000000600000000, 0x0000000800000000)
  region size 4096K, 4 young (16384K), 4 survivors (16384K)
 Metaspace       used 158254K, committed 160576K, reserved 1245184K
  class space    used 20327K, committed 21504K, reserved 1048576K
}
Event: 107.104 GC heap before
{Heap before GC invocations=107 (full 0):
 garbage-first heap   total 561152K, used 463559K [0x0000000600000000, 0x0000000800000000)
  region size 4096K, 82 young (335872K), 4 survivors (16384K)
 Metaspace       used 158299K, committed 160640K, reserved 1245184K
  class space    used 20328K, committed 21504K, reserved 1048576K
}
Event: 107.117 GC heap after
{Heap after GC invocations=108 (full 0):
 garbage-first heap   total 561152K, used 147706K [0x0000000600000000, 0x0000000800000000)
  region size 4096K, 4 young (16384K), 4 survivors (16384K)
 Metaspace       used 158299K, committed 160640K, reserved 1245184K
  class space    used 20328K, committed 21504K, reserved 1048576K
}
Event: 163.914 GC heap before
{Heap before GC invocations=108 (full 0):
 garbage-first heap   total 561152K, used 467194K [0x0000000600000000, 0x0000000800000000)
  region size 4096K, 82 young (335872K), 4 survivors (16384K)
 Metaspace       used 165879K, committed 168256K, reserved 1245184K
  class space    used 21292K, committed 22464K, reserved 1048576K
}
Event: 163.934 GC heap after
{Heap after GC invocations=109 (full 0):
 garbage-first heap   total 675840K, used 151802K [0x0000000600000000, 0x0000000800000000)
  region size 4096K, 7 young (28672K), 7 survivors (28672K)
 Metaspace       used 165879K, committed 168256K, reserved 1245184K
  class space    used 21292K, committed 22464K, reserved 1048576K
}
Event: 164.806 GC heap before
{Heap before GC invocations=109 (full 0):
 garbage-first heap   total 675840K, used 532730K [0x0000000600000000, 0x0000000800000000)
  region size 4096K, 99 young (405504K), 7 survivors (28672K)
 Metaspace       used 170083K, committed 172544K, reserved 1245184K
  class space    used 21615K, committed 22784K, reserved 1048576K
}
Event: 164.839 GC heap after
{Heap after GC invocations=110 (full 0):
 garbage-first heap   total 675840K, used 188144K [0x0000000600000000, 0x0000000800000000)
  region size 4096K, 13 young (53248K), 13 survivors (53248K)
 Metaspace       used 170083K, committed 172544K, reserved 1245184K
  class space    used 21615K, committed 22784K, reserved 1048576K
}
Event: 165.426 GC heap before
{Heap before GC invocations=110 (full 0):
 garbage-first heap   total 675840K, used 536304K [0x0000000600000000, 0x0000000800000000)
  region size 4096K, 99 young (405504K), 13 survivors (53248K)
 Metaspace       used 171018K, committed 173440K, reserved 1245184K
  class space    used 21679K, committed 22848K, reserved 1048576K
}
Event: 165.459 GC heap after
{Heap after GC invocations=111 (full 0):
 garbage-first heap   total 675840K, used 195859K [0x0000000600000000, 0x0000000800000000)
  region size 4096K, 3 young (12288K), 3 survivors (12288K)
 Metaspace       used 171018K, committed 173440K, reserved 1245184K
  class space    used 21679K, committed 22848K, reserved 1048576K
}
Event: 166.033 GC heap before
{Heap before GC invocations=111 (full 0):
 garbage-first heap   total 675840K, used 584979K [0x0000000600000000, 0x0000000800000000)
  region size 4096K, 99 young (405504K), 3 survivors (12288K)
 Metaspace       used 171110K, committed 173504K, reserved 1245184K
  class space    used 21680K, committed 22848K, reserved 1048576K
}
Event: 166.038 GC heap after
{Heap after GC invocations=112 (full 0):
 garbage-first heap   total 675840K, used 195191K [0x0000000600000000, 0x0000000800000000)
  region size 4096K, 3 young (12288K), 3 survivors (12288K)
 Metaspace       used 171110K, committed 173504K, reserved 1245184K
  class space    used 21680K, committed 22848K, reserved 1048576K
}
Event: 166.657 GC heap before
{Heap before GC invocations=112 (full 0):
 garbage-first heap   total 675840K, used 584311K [0x0000000600000000, 0x0000000800000000)
  region size 4096K, 99 young (405504K), 3 survivors (12288K)
 Metaspace       used 171149K, committed 173568K, reserved 1245184K
  class space    used 21682K, committed 22848K, reserved 1048576K
}
Event: 166.665 GC heap after
{Heap after GC invocations=113 (full 0):
 garbage-first heap   total 675840K, used 199142K [0x0000000600000000, 0x0000000800000000)
  region size 4096K, 4 young (16384K), 4 survivors (16384K)
 Metaspace       used 171149K, committed 173568K, reserved 1245184K
  class space    used 21682K, committed 22848K, reserved 1048576K
}
Event: 167.077 GC heap before
{Heap before GC invocations=113 (full 0):
 garbage-first heap   total 675840K, used 588262K [0x0000000600000000, 0x0000000800000000)
  region size 4096K, 99 young (405504K), 4 survivors (16384K)
 Metaspace       used 171158K, committed 173568K, reserved 1245184K
  class space    used 21683K, committed 22848K, reserved 1048576K
}
Event: 167.087 GC heap after
{Heap after GC invocations=114 (full 0):
 garbage-first heap   total 675840K, used 205263K [0x0000000600000000, 0x0000000800000000)
  region size 4096K, 5 young (20480K), 5 survivors (20480K)
 Metaspace       used 171158K, committed 173568K, reserved 1245184K
  class space    used 21683K, committed 22848K, reserved 1048576K
}
Event: 167.550 GC heap before
{Heap before GC invocations=114 (full 0):
 garbage-first heap   total 675840K, used 586191K [0x0000000600000000, 0x0000000800000000)
  region size 4096K, 99 young (405504K), 5 survivors (20480K)
 Metaspace       used 171173K, committed 173568K, reserved 1245184K
  class space    used 21683K, committed 22848K, reserved 1048576K
}
Event: 167.564 GC heap after
{Heap after GC invocations=115 (full 0):
 garbage-first heap   total 675840K, used 216386K [0x0000000600000000, 0x0000000800000000)
  region size 4096K, 8 young (32768K), 8 survivors (32768K)
 Metaspace       used 171173K, committed 173568K, reserved 1245184K
  class space    used 21683K, committed 22848K, reserved 1048576K
}
Event: 167.933 GC heap before
{Heap before GC invocations=115 (full 0):
 garbage-first heap   total 675840K, used 585026K [0x0000000600000000, 0x0000000800000000)
  region size 4096K, 99 young (405504K), 8 survivors (32768K)
 Metaspace       used 171178K, committed 173568K, reserved 1245184K
  class space    used 21683K, committed 22848K, reserved 1048576K
}

